[12-Dec-2023 18:22:14 UTC] PHP Parse error:  Unclosed '{' on line 2 in /Users/cruzinc/Local Sites/fictional-university/app/public/wp-content/themes/fictional-university-theme/single.php on line 9
[14-Dec-2023 05:40:22 UTC] PHP Parse error:  syntax error, unexpected identifier "wp_enqueue_style" in /Users/cruzinc/Local Sites/fictional-university/app/public/wp-content/themes/fictional-university-theme/functions.php on line 5
[14-Dec-2023 05:40:22 UTC] PHP Parse error:  syntax error, unexpected identifier "wp_enqueue_style" in /Users/cruzinc/Local Sites/fictional-university/app/public/wp-content/themes/fictional-university-theme/functions.php on line 5
[16-Dec-2023 00:52:27 UTC] PHP Warning:  An unexpected error occurred. Something may be wrong with WordPress.org or this server&#8217;s configuration. If you continue to have problems, please try the <a href="https://wordpress.org/support/forums/">support forums</a>. (WordPress could not establish a secure connection to WordPress.org. Please contact your server administrator.) in /Users/cruzinc/Local Sites/fictional-university/app/public/wp-includes/update.php on line 449
[16-Dec-2023 00:52:27 UTC] PHP Warning:  An unexpected error occurred. Something may be wrong with WordPress.org or this server&#8217;s configuration. If you continue to have problems, please try the <a href="https://wordpress.org/support/forums/">support forums</a>. (WordPress could not establish a secure connection to WordPress.org. Please contact your server administrator.) in /Users/cruzinc/Local Sites/fictional-university/app/public/wp-includes/update.php on line 730
[16-Dec-2023 01:39:19 UTC] PHP Parse error:  Unclosed '{' on line 25 does not match ')' in /Users/cruzinc/Local Sites/fictional-university/app/public/wp-content/themes/fictional-university-theme/page.php on line 29
[16-Dec-2023 01:39:46 UTC] PHP Fatal error:  Uncaught Error: Undefined constant "the_parent" in /Users/cruzinc/Local Sites/fictional-university/app/public/wp-content/themes/fictional-university-theme/page.php:25
Stack trace:
#0 /Users/cruzinc/Local Sites/fictional-university/app/public/wp-includes/template-loader.php(106): include()
#1 /Users/cruzinc/Local Sites/fictional-university/app/public/wp-blog-header.php(19): require_once('/Users/cruzinc/...')
#2 /Users/cruzinc/Local Sites/fictional-university/app/public/index.php(17): require('/Users/cruzinc/...')
#3 {main}
  thrown in /Users/cruzinc/Local Sites/fictional-university/app/public/wp-content/themes/fictional-university-theme/page.php on line 25
[16-Dec-2023 01:40:40 UTC] PHP Fatal error:  Uncaught Error: Undefined constant "theParent" in /Users/cruzinc/Local Sites/fictional-university/app/public/wp-content/themes/fictional-university-theme/page.php:25
Stack trace:
#0 /Users/cruzinc/Local Sites/fictional-university/app/public/wp-includes/template-loader.php(106): include()
#1 /Users/cruzinc/Local Sites/fictional-university/app/public/wp-blog-header.php(19): require_once('/Users/cruzinc/...')
#2 /Users/cruzinc/Local Sites/fictional-university/app/public/index.php(17): require('/Users/cruzinc/...')
#3 {main}
  thrown in /Users/cruzinc/Local Sites/fictional-university/app/public/wp-content/themes/fictional-university-theme/page.php on line 25
[16-Dec-2023 01:40:41 UTC] PHP Fatal error:  Uncaught Error: Undefined constant "theParent" in /Users/cruzinc/Local Sites/fictional-university/app/public/wp-content/themes/fictional-university-theme/page.php:25
Stack trace:
#0 /Users/cruzinc/Local Sites/fictional-university/app/public/wp-includes/template-loader.php(106): include()
#1 /Users/cruzinc/Local Sites/fictional-university/app/public/wp-blog-header.php(19): require_once('/Users/cruzinc/...')
#2 /Users/cruzinc/Local Sites/fictional-university/app/public/index.php(17): require('/Users/cruzinc/...')
#3 {main}
  thrown in /Users/cruzinc/Local Sites/fictional-university/app/public/wp-content/themes/fictional-university-theme/page.php on line 25
[16-Dec-2023 01:40:42 UTC] PHP Fatal error:  Uncaught Error: Undefined constant "theParent" in /Users/cruzinc/Local Sites/fictional-university/app/public/wp-content/themes/fictional-university-theme/page.php:25
Stack trace:
#0 /Users/cruzinc/Local Sites/fictional-university/app/public/wp-includes/template-loader.php(106): include()
#1 /Users/cruzinc/Local Sites/fictional-university/app/public/wp-blog-header.php(19): require_once('/Users/cruzinc/...')
#2 /Users/cruzinc/Local Sites/fictional-university/app/public/index.php(17): require('/Users/cruzinc/...')
#3 {main}
  thrown in /Users/cruzinc/Local Sites/fictional-university/app/public/wp-content/themes/fictional-university-theme/page.php on line 25
